[0927/115713.911:ERROR:process_memory_win.cc(73)] ReadMemory at 0x22f0a4e4020 of 72 bytes failed: Only part of a ReadProcessMemory or WriteProcessMemory request was completed. (0x12B)
[0927/115714.076:WARNING:pe_image_annotations_reader.cc(135)] could not read annotations list object in C:\Program Files (x86)\Google\Chrome\Application\85.0.4183.121\chrome_elf.dll
[0927/115714.076:ERROR:process_memory_win.cc(73)] ReadMemory at 0x22f0a526810 of 72 bytes failed: Only part of a ReadProcessMemory or WriteProcessMemory request was completed. (0x12B)
[0927/115714.076:WARNING:pe_image_annotations_reader.cc(135)] could not read annotations list object in C:\Program Files (x86)\Google\Chrome\Application\85.0.4183.121\chrome.dll
[0927/115714.076:ERROR:process_memory_win.cc(73)] ReadMemory at 0x22f0a5d0000 of 64 bytes failed: Only part of a ReadProcessMemory or WriteProcessMemory request was completed. (0x12B)
[0927/115714.076:WARNING:pe_image_reader.cc(340)] could not read dos header from C:\Windows\System32\WS2_32.dll
[0927/115714.116:ERROR:process_memory_win.cc(73)] ReadMemory at 0x22f0a4e4020 of 72 bytes failed: Only part of a ReadProcessMemory or WriteProcessMemory request was completed. (0x12B)
[0927/115714.116:WARNING:pe_image_annotations_reader.cc(135)] could not read annotations list object in C:\Program Files (x86)\Google\Chrome\Application\85.0.4183.121\chrome_elf.dll
[0927/115714.116:ERROR:process_memory_win.cc(73)] ReadMemory at 0x22f0a526810 of 72 bytes failed: Only part of a ReadProcessMemory or WriteProcessMemory request was completed. (0x12B)
[0927/115714.116:WARNING:pe_image_annotations_reader.cc(135)] could not read annotations list object in C:\Program Files (x86)\Google\Chrome\Application\85.0.4183.121\chrome.dll
[0927/115714.116:ERROR:process_memory_win.cc(73)] ReadMemory at 0x22f0a5d0000 of 64 bytes failed: Only part of a ReadProcessMemory or WriteProcessMemory request was completed. (0x12B)
[0927/115714.116:WARNING:pe_image_reader.cc(340)] could not read dos header from C:\Windows\System32\WS2_32.dll
[0927/115714.116:ERROR:process_memory_win.cc(73)] ReadMemory at 0x22f0a4e4020 of 72 bytes failed: Only part of a ReadProcessMemory or WriteProcessMemory request was completed. (0x12B)
[0927/115714.116:WARNING:pe_image_annotations_reader.cc(135)] could not read annotations list object in C:\Program Files (x86)\Google\Chrome\Application\85.0.4183.121\chrome_elf.dll
[0927/115714.124:ERROR:process_memory_win.cc(73)] ReadMemory at 0x22f0a526810 of 72 bytes failed: Only part of a ReadProcessMemory or WriteProcessMemory request was completed. (0x12B)
[0927/115714.124:WARNING:pe_image_annotations_reader.cc(135)] could not read annotations list object in C:\Program Files (x86)\Google\Chrome\Application\85.0.4183.121\chrome.dll
[0927/115714.124:ERROR:process_memory_win.cc(73)] ReadMemory at 0x22f0a5d0000 of 64 bytes failed: Only part of a ReadProcessMemory or WriteProcessMemory request was completed. (0x12B)
[0927/115714.124:WARNING:pe_image_reader.cc(340)] could not read dos header from C:\Windows\System32\WS2_32.dll
[0927/115715.568:ERROR:process_memory_win.cc(73)] ReadMemory at 0xbba4bf2000 of 57344 bytes failed: Only part of a ReadProcessMemory or WriteProcessMemory request was completed. (0x12B)
[0927/115715.568:ERROR:process_memory_win.cc(73)] ReadMemory at 0xbba53fd000 of 12288 bytes failed: Only part of a ReadProcessMemory or WriteProcessMemory request was completed. (0x12B)
[0927/115715.568:ERROR:process_memory_win.cc(73)] ReadMemory at 0xbba5bf6000 of 40960 bytes failed: Only part of a ReadProcessMemory or WriteProcessMemory request was completed. (0x12B)
[0927/115715.568:ERROR:process_memory_win.cc(73)] ReadMemory at 0xbba63fc000 of 16384 bytes failed: Only part of a ReadProcessMemory or WriteProcessMemory request was completed. (0x12B)
[0927/115715.576:ERROR:process_memory_win.cc(73)] ReadMemory at 0xbba6bfc000 of 16384 bytes failed: Only part of a ReadProcessMemory or WriteProcessMemory request was completed. (0x12B)
[0927/115715.576:ERROR:process_memory_win.cc(73)] ReadMemory at 0xbba73fe000 of 8192 bytes failed: Only part of a ReadProcessMemory or WriteProcessMemory request was completed. (0x12B)
[0927/115715.576:ERROR:process_memory_win.cc(73)] ReadMemory at 0xbba7bfd000 of 12288 bytes failed: Only part of a ReadProcessMemory or WriteProcessMemory request was completed. (0x12B)
[0927/115715.580:ERROR:process_memory_win.cc(73)] ReadMemory at 0xbba83fc000 of 16384 bytes failed: Only part of a ReadProcessMemory or WriteProcessMemory request was completed. (0x12B)
[0927/115715.580:ERROR:process_memory_win.cc(73)] ReadMemory at 0xbba8bfd000 of 12288 bytes failed: Only part of a ReadProcessMemory or WriteProcessMemory request was completed. (0x12B)
[0927/115715.580:ERROR:process_memory_win.cc(73)] ReadMemory at 0xbba93fb000 of 20480 bytes failed: Only part of a ReadProcessMemory or WriteProcessMemory request was completed. (0x12B)
[0927/115715.580:ERROR:process_memory_win.cc(73)] ReadMemory at 0xbba9bfc000 of 16384 bytes failed: Only part of a ReadProcessMemory or WriteProcessMemory request was completed. (0x12B)
[0927/115715.580:ERROR:process_memory_win.cc(73)] ReadMemory at 0xbbaa3fa000 of 24576 bytes failed: Only part of a ReadProcessMemory or WriteProcessMemory request was completed. (0x12B)
[0927/115715.580:ERROR:process_memory_win.cc(73)] ReadMemory at 0xbbaabfc000 of 16384 bytes failed: Only part of a ReadProcessMemory or WriteProcessMemory request was completed. (0x12B)
[0927/115715.580:ERROR:process_memory_win.cc(73)] ReadMemory at 0xbbab3fe000 of 8192 bytes failed: Only part of a ReadProcessMemory or WriteProcessMemory request was completed. (0x12B)
[0927/115715.580:ERROR:process_memory_win.cc(73)] ReadMemory at 0xbba4332000 of 852 bytes failed: Only part of a ReadProcessMemory or WriteProcessMemory request was completed. (0x12B)
[0927/115715.580:ERROR:process_memory_win.cc(73)] ReadMemory at 0xbba4333000 of 6024 bytes failed: Only part of a ReadProcessMemory or WriteProcessMemory request was completed. (0x12B)
[0927/115715.580:ERROR:process_memory_win.cc(73)] ReadMemory at 0xbba4335000 of 6024 bytes failed: Only part of a ReadProcessMemory or WriteProcessMemory request was completed. (0x12B)
[0927/115715.580:ERROR:process_memory_win.cc(73)] ReadMemory at 0xbba4337000 of 6024 bytes failed: Only part of a ReadProcessMemory or WriteProcessMemory request was completed. (0x12B)
[0927/115715.580:ERROR:process_memory_win.cc(73)] ReadMemory at 0xbba4339000 of 6024 bytes failed: Only part of a ReadProcessMemory or WriteProcessMemory request was completed. (0x12B)
[0927/115715.580:ERROR:process_memory_win.cc(73)] ReadMemory at 0xbba433b000 of 6024 bytes failed: Only part of a ReadProcessMemory or WriteProcessMemory request was completed. (0x12B)
[0927/115715.580:ERROR:process_memory_win.cc(73)] ReadMemory at 0xbba433d000 of 6024 bytes failed: Only part of a ReadProcessMemory or WriteProcessMemory request was completed. (0x12B)
[0927/115715.580:ERROR:process_memory_win.cc(73)] ReadMemory at 0xbba433f000 of 6024 bytes failed: Only part of a ReadProcessMemory or WriteProcessMemory request was completed. (0x12B)
[0927/115715.580:ERROR:process_memory_win.cc(73)] ReadMemory at 0xbba4341000 of 6024 bytes failed: Only part of a ReadProcessMemory or WriteProcessMemory request was completed. (0x12B)
[0927/115715.580:ERROR:process_memory_win.cc(73)] ReadMemory at 0xbba4343000 of 6024 bytes failed: Only part of a ReadProcessMemory or WriteProcessMemory request was completed. (0x12B)
[0927/115715.580:ERROR:process_memory_win.cc(73)] ReadMemory at 0xbba4345000 of 6024 bytes failed: Only part of a ReadProcessMemory or WriteProcessMemory request was completed. (0x12B)
[0927/115715.580:ERROR:process_memory_win.cc(73)] ReadMemory at 0xbba4347000 of 6024 bytes failed: Only part of a ReadProcessMemory or WriteProcessMemory request was completed. (0x12B)
[0927/115715.580:ERROR:process_memory_win.cc(73)] ReadMemory at 0xbba434b000 of 6024 bytes failed: Only part of a ReadProcessMemory or WriteProcessMemory request was completed. (0x12B)
[0927/115715.580:ERROR:process_memory_win.cc(73)] ReadMemory at 0xbba434d000 of 6024 bytes failed: Only part of a ReadProcessMemory or WriteProcessMemory request was completed. (0x12B)
[0927/115715.580:ERROR:process_memory_win.cc(73)] ReadMemory at 0xbba434f000 of 6024 bytes failed: Only part of a ReadProcessMemory or WriteProcessMemory request was completed. (0x12B)
[0927/115715.580:ERROR:process_memory_win.cc(73)] ReadMemory at 0x22f0a4a0ee0 of 512 bytes failed: Only part of a ReadProcessMemory or WriteProcessMemory request was completed. (0x12B)
[0927/115715.580:ERROR:process_memory_win.cc(73)] ReadMemory at 0x22f0a4d0000 of 384 bytes failed: Only part of a ReadProcessMemory or WriteProcessMemory request was completed. (0x12B)
[0927/115715.580:ERROR:process_memory_win.cc(73)] ReadMemory at 0x22f0a4d0fe0 of 17622 bytes failed: Only part of a ReadProcessMemory or WriteProcessMemory request was completed. (0x12B)
[0927/115715.580:ERROR:process_memory_win.cc(73)] ReadMemory at 0x22f0a4d54c0 of 1012 bytes failed: Only part of a ReadProcessMemory or WriteProcessMemory request was completed. (0x12B)
[0927/115715.632:ERROR:process_memory_win.cc(73)] ReadMemory at 0x22f0a4d5b08 of 118 bytes failed: Only part of a ReadProcessMemory or WriteProcessMemory request was completed. (0x12B)
[0927/115715.632:ERROR:process_memory_win.cc(73)] ReadMemory at 0x22f0a4d5b80 of 676 bytes failed: Only part of a ReadProcessMemory or WriteProcessMemory request was completed. (0x12B)
[0927/115715.632:ERROR:process_memory_win.cc(73)] ReadMemory at 0x22f0a4d5e26 of 118 bytes failed: Only part of a ReadProcessMemory or WriteProcessMemory request was completed. (0x12B)
[0927/115715.632:ERROR:process_memory_win.cc(73)] ReadMemory at 0x22f0a4d5e9e of 100 bytes failed: Only part of a ReadProcessMemory or WriteProcessMemory request was completed. (0x12B)
[0927/115715.632:ERROR:process_memory_win.cc(73)] ReadMemory at 0x22f0a4d5f10 of 58 bytes failed: Only part of a ReadProcessMemory or WriteProcessMemory request was completed. (0x12B)
[0927/115715.632:ERROR:process_memory_win.cc(73)] ReadMemory at 0x22f0a4d6010 of 132 bytes failed: Only part of a ReadProcessMemory or WriteProcessMemory request was completed. (0x12B)
[0927/115715.632:ERROR:process_memory_win.cc(73)] ReadMemory at 0x22f0a4d61a0 of 132 bytes failed: Only part of a ReadProcessMemory or WriteProcessMemory request was completed. (0x12B)
[0927/115715.632:ERROR:process_memory_win.cc(73)] ReadMemory at 0x22f0a4d6360 of 126 bytes failed: Only part of a ReadProcessMemory or WriteProcessMemory request was completed. (0x12B)
[0927/115715.632:ERROR:process_memory_win.cc(73)] ReadMemory at 0x22f0a4d6740 of 132 bytes failed: Only part of a ReadProcessMemory or WriteProcessMemory request was completed. (0x12B)
[0927/115715.632:ERROR:process_memory_win.cc(73)] ReadMemory at 0x22f0a4d68d0 of 64 bytes failed: Only part of a ReadProcessMemory or WriteProcessMemory request was completed. (0x12B)
[0927/115715.632:ERROR:process_memory_win.cc(73)] ReadMemory at 0x22f0a4d6d30 of 132 bytes failed: Only part of a ReadProcessMemory or WriteProcessMemory request was completed. (0x12B)
[0927/115715.632:ERROR:process_memory_win.cc(73)] ReadMemory at 0x22f0a4d6ec0 of 68 bytes failed: Only part of a ReadProcessMemory or WriteProcessMemory request was completed. (0x12B)
[0927/115715.632:ERROR:process_memory_win.cc(73)] ReadMemory at 0x22f0a4d7e80 of 132 bytes failed: Only part of a ReadProcessMemory or WriteProcessMemory request was completed. (0x12B)
[0927/115715.632:ERROR:process_memory_win.cc(73)] ReadMemory at 0x22f0a4d7fb0 of 132 bytes failed: Only part of a ReadProcessMemory or WriteProcessMemory request was completed. (0x12B)
[0927/115715.632:ERROR:process_memory_win.cc(73)] ReadMemory at 0x22f0a4d80e0 of 154 bytes failed: Only part of a ReadProcessMemory or WriteProcessMemory request was completed. (0x12B)
[0927/115715.632:ERROR:process_memory_win.cc(73)] ReadMemory at 0x22f0a4d8ef0 of 62 bytes failed: Only part of a ReadProcessMemory or WriteProcessMemory request was completed. (0x12B)
[0927/115715.632:ERROR:process_memory_win.cc(73)] ReadMemory at 0x22f0a4d9050 of 132 bytes failed: Only part of a ReadProcessMemory or WriteProcessMemory request was completed. (0x12B)
[0927/115715.632:ERROR:process_memory_win.cc(73)] ReadMemory at 0x22f0a4d91e0 of 60 bytes failed: Only part of a ReadProcessMemory or WriteProcessMemory request was completed. (0x12B)
[0927/115715.632:ERROR:process_memory_win.cc(73)] ReadMemory at 0x22f0a4e5f00 of 512 bytes failed: Only part of a ReadProcessMemory or WriteProcessMemory request was completed. (0x12B)
[0927/115715.632:ERROR:process_memory_win.cc(73)] ReadMemory at 0x22f0a4e7200 of 64 bytes failed: Only part of a ReadProcessMemory or WriteProcessMemory request was completed. (0x12B)
[0927/115715.683:ERROR:process_memory_win.cc(73)] ReadMemory at 0x22f0a4e72f0 of 60 bytes failed: Only part of a ReadProcessMemory or WriteProcessMemory request was completed. (0x12B)
[0927/115715.683:ERROR:process_memory_win.cc(73)] ReadMemory at 0x22f0a4e7340 of 64 bytes failed: Only part of a ReadProcessMemory or WriteProcessMemory request was completed. (0x12B)
[0927/115715.683:ERROR:process_memory_win.cc(73)] ReadMemory at 0x22f0a4e7390 of 62 bytes failed: Only part of a ReadProcessMemory or WriteProcessMemory request was completed. (0x12B)
[0927/115715.683:ERROR:process_memory_win.cc(73)] ReadMemory at 0x22f0a4e73e0 of 64 bytes failed: Only part of a ReadProcessMemory or WriteProcessMemory request was completed. (0x12B)
[0927/115715.683:ERROR:process_memory_win.cc(73)] ReadMemory at 0x22f0a4e79d0 of 62 bytes failed: Only part of a ReadProcessMemory or WriteProcessMemory request was completed. (0x12B)
[0927/115715.683:ERROR:process_memory_win.cc(73)] ReadMemory at 0x22f0a4e7a20 of 62 bytes failed: Only part of a ReadProcessMemory or WriteProcessMemory request was completed. (0x12B)
[0927/115715.683:ERROR:process_memory_win.cc(73)] ReadMemory at 0x22f0a4e7ca0 of 64 bytes failed: Only part of a ReadProcessMemory or WriteProcessMemory request was completed. (0x12B)
[0927/115715.683:ERROR:process_memory_win.cc(73)] ReadMemory at 0x22f0a4e7cf0 of 64 bytes failed: Only part of a ReadProcessMemory or WriteProcessMemory request was completed. (0x12B)
[0927/115715.683:ERROR:process_memory_win.cc(73)] ReadMemory at 0x22f0a4e7d90 of 60 bytes failed: Only part of a ReadProcessMemory or WriteProcessMemory request was completed. (0x12B)
[0927/115715.683:ERROR:process_memory_win.cc(73)] ReadMemory at 0x22f0a4e8100 of 60 bytes failed: Only part of a ReadProcessMemory or WriteProcessMemory request was completed. (0x12B)
[0927/115715.683:ERROR:process_memory_win.cc(73)] ReadMemory at 0x22f0a4e8150 of 66 bytes failed: Only part of a ReadProcessMemory or WriteProcessMemory request was completed. (0x12B)
[0927/115715.683:ERROR:process_memory_win.cc(73)] ReadMemory at 0x22f0a4eb270 of 132 bytes failed: Only part of a ReadProcessMemory or WriteProcessMemory request was completed. (0x12B)
[0927/115715.683:ERROR:process_memory_win.cc(73)] ReadMemory at 0x22f0a4eb710 of 132 bytes failed: Only part of a ReadProcessMemory or WriteProcessMemory request was completed. (0x12B)
[0927/115715.683:ERROR:process_memory_win.cc(73)] ReadMemory at 0x22f0a4eb840 of 146 bytes failed: Only part of a ReadProcessMemory or WriteProcessMemory request was completed. (0x12B)
[0927/115715.683:ERROR:process_memory_win.cc(73)] ReadMemory at 0x22f0a4ebca0 of 132 bytes failed: Only part of a ReadProcessMemory or WriteProcessMemory request was completed. (0x12B)
[0927/115715.683:ERROR:process_memory_win.cc(73)] ReadMemory at 0x22f0a4ec0e0 of 132 bytes failed: Only part of a ReadProcessMemory or WriteProcessMemory request was completed. (0x12B)
[0927/115715.683:ERROR:process_memory_win.cc(73)] ReadMemory at 0x22f0a4edb40 of 132 bytes failed: Only part of a ReadProcessMemory or WriteProcessMemory request was completed. (0x12B)
[0927/115715.683:ERROR:process_memory_win.cc(73)] ReadMemory at 0x22f0a4edd60 of 132 bytes failed: Only part of a ReadProcessMemory or WriteProcessMemory request was completed. (0x12B)
[0927/115715.683:ERROR:process_memory_win.cc(73)] ReadMemory at 0x22f0a4eed20 of 132 bytes failed: Only part of a ReadProcessMemory or WriteProcessMemory request was completed. (0x12B)
[0927/115715.683:ERROR:process_memory_win.cc(73)] ReadMemory at 0x22f0a4eef30 of 132 bytes failed: Only part of a ReadProcessMemory or WriteProcessMemory request was completed. (0x12B)
[0927/115715.683:ERROR:process_memory_win.cc(73)] ReadMemory at 0x22f0a4ef8a0 of 54 bytes failed: Only part of a ReadProcessMemory or WriteProcessMemory request was completed. (0x12B)
[0927/115715.683:ERROR:process_memory_win.cc(73)] ReadMemory at 0x22f0a4f2d10 of 80 bytes failed: Only part of a ReadProcessMemory or WriteProcessMemory request was completed. (0x12B)
[0927/115715.683:ERROR:process_memory_win.cc(73)] ReadMemory at 0x22f0a4f5850 of 132 bytes failed: Only part of a ReadProcessMemory or WriteProcessMemory request was completed. (0x12B)
[0927/115715.683:ERROR:process_memory_win.cc(73)] ReadMemory at 0x22f0a4f6a50 of 132 bytes failed: Only part of a ReadProcessMemory or WriteProcessMemory request was completed. (0x12B)
[0927/115715.683:ERROR:process_memory_win.cc(73)] ReadMemory at 0x22f0a4f8940 of 132 bytes failed: Only part of a ReadProcessMemory or WriteProcessMemory request was completed. (0x12B)
[0927/115715.683:ERROR:process_memory_win.cc(73)] ReadMemory at 0x22f0a4f8a70 of 132 bytes failed: Only part of a ReadProcessMemory or WriteProcessMemory request was completed. (0x12B)
[0927/115715.683:ERROR:process_memory_win.cc(73)] ReadMemory at 0x22f0a4f8ba0 of 132 bytes failed: Only part of a ReadProcessMemory or WriteProcessMemory request was completed. (0x12B)
[0927/115715.683:ERROR:process_memory_win.cc(73)] ReadMemory at 0x22f0a4f8cd0 of 132 bytes failed: Only part of a ReadProcessMemory or WriteProcessMemory request was completed. (0x12B)
[0927/115715.683:ERROR:process_memory_win.cc(73)] ReadMemory at 0x22f0a4f8e00 of 132 bytes failed: Only part of a ReadProcessMemory or WriteProcessMemory request was completed. (0x12B)
[0927/115715.683:ERROR:process_memory_win.cc(73)] ReadMemory at 0x22f0a4f8f30 of 132 bytes failed: Only part of a ReadProcessMemory or WriteProcessMemory request was completed. (0x12B)
[0927/115715.683:ERROR:process_memory_win.cc(73)] ReadMemory at 0x22f0a4f9060 of 132 bytes failed: Only part of a ReadProcessMemory or WriteProcessMemory request was completed. (0x12B)
[0927/115715.683:ERROR:process_memory_win.cc(73)] ReadMemory at 0x22f0a4f9190 of 132 bytes failed: Only part of a ReadProcessMemory or WriteProcessMemory request was completed. (0x12B)
[0927/115715.683:ERROR:process_memory_win.cc(73)] ReadMemory at 0x22f0a4f92c0 of 132 bytes failed: Only part of a ReadProcessMemory or WriteProcessMemory request was completed. (0x12B)
[0927/115715.683:ERROR:process_memory_win.cc(73)] ReadMemory at 0x22f0a4f93f0 of 132 bytes failed: Only part of a ReadProcessMemory or WriteProcessMemory request was completed. (0x12B)
[0927/115715.683:ERROR:process_memory_win.cc(73)] ReadMemory at 0x22f0a4f9520 of 132 bytes failed: Only part of a ReadProcessMemory or WriteProcessMemory request was completed. (0x12B)
[0927/115715.683:ERROR:process_memory_win.cc(73)] ReadMemory at 0x22f0a4f9650 of 132 bytes failed: Only part of a ReadProcessMemory or WriteProcessMemory request was completed. (0x12B)
[0927/115715.683:ERROR:process_memory_win.cc(73)] ReadMemory at 0x22f0a4faa80 of 76 bytes failed: Only part of a ReadProcessMemory or WriteProcessMemory request was completed. (0x12B)
[0927/115715.691:ERROR:process_memory_win.cc(73)] ReadMemory at 0x22f0a4facc0 of 80 bytes failed: Only part of a ReadProcessMemory or WriteProcessMemory request was completed. (0x12B)
[0927/115715.691:ERROR:process_memory_win.cc(73)] ReadMemory at 0x22f0a4fb720 of 132 bytes failed: Only part of a ReadProcessMemory or WriteProcessMemory request was completed. (0x12B)
[0927/115715.691:ERROR:process_memory_win.cc(73)] ReadMemory at 0x22f0a4fb980 of 132 bytes failed: Only part of a ReadProcessMemory or WriteProcessMemory request was completed. (0x12B)
[0927/115715.691:ERROR:process_memory_win.cc(73)] ReadMemory at 0x22f0a4fbab0 of 132 bytes failed: Only part of a ReadProcessMemory or WriteProcessMemory request was completed. (0x12B)
[0927/115715.691:ERROR:process_memory_win.cc(73)] ReadMemory at 0x22f0a4fbe40 of 132 bytes failed: Only part of a ReadProcessMemory or WriteProcessMemory request was completed. (0x12B)
[0927/115715.715:ERROR:process_memory_win.cc(73)] ReadMemory at 0x22f0a4fc690 of 132 bytes failed: Only part of a ReadProcessMemory or WriteProcessMemory request was completed. (0x12B)
[0927/115715.715:ERROR:process_memory_win.cc(73)] ReadMemory at 0x22f0a4fc8f0 of 132 bytes failed: Only part of a ReadProcessMemory or WriteProcessMemory request was completed. (0x12B)
[0927/115715.715:ERROR:process_memory_win.cc(73)] ReadMemory at 0x22f0a4fcb50 of 132 bytes failed: Only part of a ReadProcessMemory or WriteProcessMemory request was completed. (0x12B)
[0927/115715.715:ERROR:process_memory_win.cc(73)] ReadMemory at 0x22f0a4fcc80 of 132 bytes failed: Only part of a ReadProcessMemory or WriteProcessMemory request was completed. (0x12B)
[0927/115715.715:ERROR:process_memory_win.cc(73)] ReadMemory at 0x22f0a4fcee0 of 132 bytes failed: Only part of a ReadProcessMemory or WriteProcessMemory request was completed. (0x12B)
[0927/115715.715:ERROR:process_memory_win.cc(73)] ReadMemory at 0x22f0a4fd140 of 132 bytes failed: Only part of a ReadProcessMemory or WriteProcessMemory request was completed. (0x12B)
[0927/115715.715:ERROR:process_memory_win.cc(73)] ReadMemory at 0x22f0a4fe290 of 60 bytes failed: Only part of a ReadProcessMemory or WriteProcessMemory request was completed. (0x12B)
[0927/115715.715:ERROR:process_memory_win.cc(73)] ReadMemory at 0x22f0a4fe330 of 62 bytes failed: Only part of a ReadProcessMemory or WriteProcessMemory request was completed. (0x12B)
[0927/115715.715:ERROR:process_memory_win.cc(73)] ReadMemory at 0x22f0a4fe3d0 of 64 bytes failed: Only part of a ReadProcessMemory or WriteProcessMemory request was completed. (0x12B)
[0927/115715.715:ERROR:process_memory_win.cc(73)] ReadMemory at 0x22f0a4fe510 of 62 bytes failed: Only part of a ReadProcessMemory or WriteProcessMemory request was completed. (0x12B)
[0927/115715.715:ERROR:process_memory_win.cc(73)] ReadMemory at 0x22f0a4fe880 of 58 bytes failed: Only part of a ReadProcessMemory or WriteProcessMemory request was completed. (0x12B)
[0927/115715.715:ERROR:process_memory_win.cc(73)] ReadMemory at 0x22f0a4fe920 of 60 bytes failed: Only part of a ReadProcessMemory or WriteProcessMemory request was completed. (0x12B)
[0927/115715.715:ERROR:process_memory_win.cc(73)] ReadMemory at 0x22f0a4fe970 of 64 bytes failed: Only part of a ReadProcessMemory or WriteProcessMemory request was completed. (0x12B)
[0927/115715.715:ERROR:process_memory_win.cc(73)] ReadMemory at 0x22f0a4fe9c0 of 62 bytes failed: Only part of a ReadProcessMemory or WriteProcessMemory request was completed. (0x12B)
[0927/115715.715:ERROR:process_memory_win.cc(73)] ReadMemory at 0x22f0a4feb00 of 64 bytes failed: Only part of a ReadProcessMemory or WriteProcessMemory request was completed. (0x12B)
[0927/115715.715:ERROR:process_memory_win.cc(73)] ReadMemory at 0x22f0a4feb50 of 62 bytes failed: Only part of a ReadProcessMemory or WriteProcessMemory request was completed. (0x12B)
[0927/115715.715:ERROR:process_memory_win.cc(73)] ReadMemory at 0x22f0a4feba0 of 60 bytes failed: Only part of a ReadProcessMemory or WriteProcessMemory request was completed. (0x12B)
[0927/115715.715:ERROR:process_memory_win.cc(73)] ReadMemory at 0x22f0a4fedd0 of 62 bytes failed: Only part of a ReadProcessMemory or WriteProcessMemory request was completed. (0x12B)
[0927/115715.715:ERROR:process_memory_win.cc(73)] ReadMemory at 0x22f0a4fee20 of 62 bytes failed: Only part of a ReadProcessMemory or WriteProcessMemory request was completed. (0x12B)
[0927/115715.715:ERROR:process_memory_win.cc(73)] ReadMemory at 0x22f0a4fefb0 of 62 bytes failed: Only part of a ReadProcessMemory or WriteProcessMemory request was completed. (0x12B)
[0927/115715.715:ERROR:process_memory_win.cc(73)] ReadMemory at 0x22f0a4ff000 of 66 bytes failed: Only part of a ReadProcessMemory or WriteProcessMemory request was completed. (0x12B)
[0927/115715.715:ERROR:process_memory_win.cc(73)] ReadMemory at 0x22f0a512440 of 512 bytes failed: Only part of a ReadProcessMemory or WriteProcessMemory request was completed. (0x12B)
[0927/115715.715:ERROR:process_memory_win.cc(73)] ReadMemory at 0x22f0a54c1b0 of 640 bytes failed: Only part of a ReadProcessMemory or WriteProcessMemory request was completed. (0x12B)
[0927/115715.715:ERROR:process_memory_win.cc(73)] ReadMemory at 0x22f0a56fc50 of 512 bytes failed: Only part of a ReadProcessMemory or WriteProcessMemory request was completed. (0x12B)
[0927/115715.715:ERROR:process_memory_win.cc(73)] ReadMemory at 0x22f0a573890 of 712 bytes failed: Only part of a ReadProcessMemory or WriteProcessMemory request was completed. (0x12B)
[0927/115715.715:ERROR:process_memory_win.cc(73)] ReadMemory at 0x22f0a57c3d8 of 512 bytes failed: Only part of a ReadProcessMemory or WriteProcessMemory request was completed. (0x12B)
[0927/115715.715:ERROR:process_memory_win.cc(73)] ReadMemory at 0x22f0a5a7130 of 512 bytes failed: Only part of a ReadProcessMemory or WriteProcessMemory request was completed. (0x12B)
[0927/115715.715:ERROR:process_memory_win.cc(73)] ReadMemory at 0x22f0a5b7aa2 of 962 bytes failed: Only part of a ReadProcessMemory or WriteProcessMemory request was completed. (0x12B)
[0927/115715.715:ERROR:process_memory_win.cc(73)] ReadMemory at 0x22f0bed31f0 of 512 bytes failed: Only part of a ReadProcessMemory or WriteProcessMemory request was completed. (0x12B)
[0927/115715.715:ERROR:process_memory_win.cc(73)] ReadMemory at 0x22f0bed4470 of 512 bytes failed: Only part of a ReadProcessMemory or WriteProcessMemory request was completed. (0x12B)
[0927/115715.715:ERROR:process_memory_win.cc(73)] ReadMemory at 0x22f0bed5f70 of 512 bytes failed: Only part of a ReadProcessMemory or WriteProcessMemory request was completed. (0x12B)
[0927/115715.715:ERROR:process_memory_win.cc(73)] ReadMemory at 0x22f0bf7b710 of 512 bytes failed: Only part of a ReadProcessMemory or WriteProcessMemory request was completed. (0x12B)
[0927/115715.715:ERROR:process_memory_win.cc(73)] ReadMemory at 0x22f0bf7dae0 of 512 bytes failed: Only part of a ReadProcessMemory or WriteProcessMemory request was completed. (0x12B)
[0927/115715.715:ERROR:process_memory_win.cc(73)] ReadMemory at 0x22f0bf825b0 of 512 bytes failed: Only part of a ReadProcessMemory or WriteProcessMemory request was completed. (0x12B)
[0927/115715.715:ERROR:process_memory_win.cc(73)] ReadMemory at 0x22f0bfd0000 of 384 bytes failed: Only part of a ReadProcessMemory or WriteProcessMemory request was completed. (0x12B)
[0927/115715.715:ERROR:process_memory_win.cc(73)] ReadMemory at 0x22f0c12f190 of 512 bytes failed: Only part of a ReadProcessMemory or WriteProcessMemory request was completed. (0x12B)
[0927/115715.715:ERROR:process_memory_win.cc(73)] ReadMemory at 0x22f0c187dd0 of 512 bytes failed: Only part of a ReadProcessMemory or WriteProcessMemory request was completed. (0x12B)
[0927/115715.715:ERROR:process_memory_win.cc(73)] ReadMemory at 0x22f0c197990 of 512 bytes failed: Only part of a ReadProcessMemory or WriteProcessMemory request was completed. (0x12B)
[0927/115715.715:ERROR:process_memory_win.cc(73)] ReadMemory at 0x22f11c30000 of 496 bytes failed: Only part of a ReadProcessMemory or WriteProcessMemory request was completed. (0x12B)
[0927/115715.715:ERROR:process_memory_win.cc(73)] ReadMemory at 0x5090c290c720 of 512 bytes failed: Only part of a ReadProcessMemory or WriteProcessMemory request was completed. (0x12B)
[0927/115715.715:ERROR:process_memory_win.cc(73)] ReadMemory at 0x6e17091f0450 of 512 bytes failed: Only part of a ReadProcessMemory or WriteProcessMemory request was completed. (0x12B)
[0927/115715.715:ERROR:process_memory_win.cc(73)] ReadMemory at 0x6e170af41e54 of 512 bytes failed: Only part of a ReadProcessMemory or WriteProcessMemory request was completed. (0x12B)
[0927/115715.715:ERROR:process_memory_win.cc(73)] ReadMemory at 0x7ff8dc364296 of 512 bytes failed: Only part of a ReadProcessMemory or WriteProcessMemory request was completed. (0x12B)
[0927/115715.715:ERROR:process_memory_win.cc(73)] ReadMemory at 0x7ff8e9bb5160 of 512 bytes failed: Only part of a ReadProcessMemory or WriteProcessMemory request was completed. (0x12B)
[0927/115715.715:ERROR:process_memory_win.cc(73)] ReadMemory at 0x7ff8e9bb5867 of 512 bytes failed: Only part of a ReadProcessMemory or WriteProcessMemory request was completed. (0x12B)
[0927/115715.715:ERROR:process_memory_win.cc(73)] ReadMemory at 0x7ff9199c1f80 of 512 bytes failed: Only part of a ReadProcessMemory or WriteProcessMemory request was completed. (0x12B)
[0927/115715.715:ERROR:process_memory_win.cc(73)] ReadMemory at 0x7ff91a29c074 of 672 bytes failed: Only part of a ReadProcessMemory or WriteProcessMemory request was completed. (0x12B)
[0927/115715.715:ERROR:process_memory_win.cc(73)] ReadMemory at 0x7ff91a29f924 of 608 bytes failed: Only part of a ReadProcessMemory or WriteProcessMemory request was completed. (0x12B)
[0927/115715.715:ERROR:process_memory_win.cc(73)] ReadMemory at 0x7ff91a32c428 of 18 bytes failed: Only part of a ReadProcessMemory or WriteProcessMemory request was completed. (0x12B)
[0927/115715.715:ERROR:process_memory_win.cc(73)] ReadMemory at 0x7ff91a35f4f8 of 40 bytes failed: Only part of a ReadProcessMemory or WriteProcessMemory request was completed. (0x12B)
[0927/115715.715:ERROR:process_memory_win.cc(73)] ReadMemory at 0x7ff91a35f978 of 48 bytes failed: Only part of a ReadProcessMemory or WriteProcessMemory request was completed. (0x12B)
[0927/115715.715:ERROR:process_memory_win.cc(73)] ReadMemory at 0x7ff91a3653c0 of 64 bytes failed: Only part of a ReadProcessMemory or WriteProcessMemory request was completed. (0x12B)
[0927/115715.747:ERROR:scoped_process_suspend.cc(40)] NtResumeProcess: An attempt was made to access an exiting process. (0xc000010a)
